app/build/outputs/logs/manifest-merger-release-report.txt
-- Merging decision tree log ---
manifest
ADDED from src\main\AndroidManifest.xml:2:1-130:12
INJECTED from src\main\AndroidManifest.xml:2:1-130:12
INJECTED from src\main\AndroidManifest.xml:2:1-130:12
INJECTED from src\main\AndroidManifest.xml:2:1-130:12
MERGED from [com.stripe:stripe-android:8.1.0] AndroidManifest.xml:2:1-27:12
MERGED from [com.android.support:design:28.0.0] AndroidManifest.xml:17:1-24:12
MERGED from [com.facebook.android:facebook-android-sdk:5.1.0] AndroidManifest.xml:21:1-31:12
MERGED from [com.facebook.android:facebook-login:5.1.0] AndroidManifest.xml:21:1-31:12
MERGED from [com.facebook.android:facebook-share:5.1.0] AndroidManifest.xml:21:1-31:12
MERGED from [com.facebook.android:facebook-common:5.1.0] AndroidManifest.xml:21:1-37:12
MERGED from [com.android.support:appcompat-v7:28.0.0] AndroidManifest.xml:17:1-22:12
MERGED from [com.android.support.constraint:constraint-layout:1.1.3] AndroidManifest.xml:2:1-11:12
MERGED from [com.chauthai.swipereveallayout:swipe-reveal-layout:1.4.1] AndroidManifest.xml:2:1-14:12
MERGED from [com.google.android.gms:play-services-identity:16.0.0] AndroidManifest.xml:17:1-24:12
MERGED from [com.google.android.gms:play-services-analytics:16.0.8] AndroidManifest.xml:17:1-47:12
MERGED from [com.google.android.gms:play-services-plus:16.0.0] AndroidManifest.xml:17:1-24:12
MERGED from [com.google.android.gms:play-services-auth:16.0.1] AndroidManifest.xml:17:1-39:12
MERGED from [com.google.android.gms:play-services-tagmanager-v4-impl:16.0.8] AndroidManifest.xml:17:1-24:12
MERGED from [com.google.android.gms:play-services-analytics-impl:16.0.8] AndroidManifest.xml:17:1-31:12
MERGED from [com.google.android.gms:play-services-audience:16.0.0] AndroidManifest.xml:17:1-24:12
MERGED from [com.google.android.gms:play-services-auth-api-phone:16.0.0] AndroidManifest.xml:2:1-7:12
MERGED from [com.google.android.gms:play-services-auth-base:16.0.0] AndroidManifest.xml:2:1-7:12
MERGED from [com.google.android.gms:play-services-base:16.0.1] AndroidManifest.xml:17:1-29:12
MERGED from [com.google.android.gms:play-services-stats:16.0.1] AndroidManifest.xml:2:1-9:12
MERGED from [com.google.android.gms:play-services-tasks:16.0.1] AndroidManifest.xml:2:1-9:12
MERGED from [com.google.android.gms:play-services-ads-identifier:16.0.0] AndroidManifest.xml:17:1-24:12
MERGED from [com.google.android.gms:play-services-basement:16.0.1] AndroidManifest.xml:17:1-28:12
MERGED from [com.android.support:support-v4:28.0.0] AndroidManifest.xml:17:1-22:12
MERGED from [com.android.support:recyclerview-v7:28.0.0] AndroidManifest.xml:17:1-22:12
MERGED from [com.android.support:cardview-v7:28.0.0] AndroidManifest.xml:17:1-22:12
MERGED from [de.hdodenhof:circleimageview:2.0.0] AndroidManifest.xml:2:1-11:12
MERGED from [com.wang.avi:library:2.1.3] AndroidManifest.xml:2:1-11:12
MERGED from [com.github.bumptech.glide:glide:4.8.0] AndroidManifest.xml:2:1-12:12
MERGED from [com.android.volley:volley:1.1.1] AndroidManifest.xml:2:1-11:12
MERGED from [com.facebook.android:facebook-marketing:4.40.0] AndroidManifest.xml:21:1-35:12
MERGED from [com.android.support:support-fragment:28.0.0] AndroidManifest.xml:17:1-22:12
MERGED from [com.android.support:animated-vector-drawable:28.0.0] AndroidManifest.xml:17:1-22:12
MERGED from [com.android.support:support-core-ui:28.0.0] AndroidManifest.xml:17:1-22:12
MERGED from [com.facebook.android:facebook-places:5.1.0] AndroidManifest.xml:21:1-31:12
MERGED from [com.facebook.android:facebook-applinks:5.1.0] AndroidManifest.xml:21:1-31:12
MERGED from [com.facebook.android:facebook-messenger:5.1.0] AndroidManifest.xml:21:1-31:12
MERGED from [com.facebook.android:facebook-core:5.1.0] AndroidManifest.xml:21:1-61:12
MERGED from [com.android.support:support-core-utils:28.0.0] AndroidManifest.xml:17:1-22:12
MERGED from [com.android.support:support-vector-drawable:28.0.0] AndroidManifest.xml:17:1-22:12
MERGED from [com.android.support:support-media-compat:28.0.0] AndroidManifest.xml:17:1-22:12
MERGED from [com.android.support:transition:28.0.0] AndroidManifest.xml:17:1-22:12
MERGED from [com.android.support:loader:28.0.0] AndroidManifest.xml:17:1-22:12
MERGED from [com.android.support:viewpager:28.0.0] AndroidManifest.xml:17:1-22:12
MERGED from [com.android.support:coordinatorlayout:28.0.0] AndroidManifest.xml:17:1-22:12
MERGED from [com.android.support:drawerlayout:28.0.0] AndroidManifest.xml:17:1-22:12
MERGED from [com.android.support:slidingpanelayout:28.0.0] AndroidManifest.xml:17:1-22:12
MERGED from [com.android.support:customview:28.0.0] AndroidManifest.xml:17:1-22:12
MERGED from [com.android.support:swiperefreshlayout:28.0.0] AndroidManifest.xml:17:1-22:12
MERGED from [com.android.support:asynclayoutinflater:28.0.0] AndroidManifest.xml:17:1-22:12
MERGED from [com.android.support:customtabs:27.0.2] AndroidManifest.xml:17:1-22:12
MERGED from [com.android.support:support-compat:28.0.0] AndroidManifest.xml:17:1-24:12
MERGED from [com.android.support:versionedparcelable:28.0.0] AndroidManifest.xml:17:1-25:12
MERGED from [com.android.support:cursoradapter:28.0.0] AndroidManifest.xml:17:1-22:12
MERGED from [com.github.bumptech.glide:gifdecoder:4.8.0] AndroidManifest.xml:2:1-11:12
MERGED from [android.arch.lifecycle:runtime:1.1.1] AndroidManifest.xml:17:1-22:12
MERGED from [com.android.support:documentfile:28.0.0] AndroidManifest.xml:17:1-22:12
MERGED from [com.android.support:localbroadcastmanager:28.0.0] AndroidManifest.xml:17:1-22:12
MERGED from [com.android.support:print:28.0.0] AndroidManifest.xml:17:1-22:12
MERGED from [android.arch.lifecycle:viewmodel:1.1.1] AndroidManifest.xml:17:1-22:12
MERGED from [com.android.support:interpolator:28.0.0] AndroidManifest.xml:17:1-22:12
MERGED from [android.arch.lifecycle:livedata:1.1.1] AndroidManifest.xml:17:1-22:12
MERGED from [android.arch.lifecycle:livedata-core:1.1.1] AndroidManifest.xml:17:1-22:12
MERGED from [android.arch.core:runtime:1.1.1] AndroidManifest.xml:17:1-22:12
INJECTED from src\main\AndroidManifest.xml:2:1-130:12
INJECTED from src\main\AndroidManifest.xml:2:1-130:12
INJECTED from src\main\AndroidManifest.xml:2:1-130:12
	package
		ADDED from src\main\AndroidManifest.xml:3:5-33
		INJECTED from src\main\AndroidManifest.xml
		INJECTED from src\main\AndroidManifest.xml
	android:versionName
		INJECTED from src\main\AndroidManifest.xml
		ADDED from src\main\AndroidManifest.xml:2:1-130:12
		INJECTED from src\main\AndroidManifest.xml
	android:versionCode
		INJECTED from src\main\AndroidManifest.xml
		ADDED from src\main\AndroidManifest.xml:2:1-130:12
		INJECTED from src\main\AndroidManifest.xml
	xmlns:android
		ADDED from src\main\AndroidManifest.xml:2:11-69
uses-permission#android.permission.ACCESS_NETWORK_STATE
ADDED from src\main\AndroidManifest.xml:5:5-79
MERGED from [com.google.android.gms:play-services-analytics:16.0.8] AndroidManifest.xml:24:5-79
MERGED from [com.google.android.gms:play-services-analytics:16.0.8] AndroidManifest.xml:24:5-79
MERGED from [com.google.android.gms:play-services-analytics-impl:16.0.8] AndroidManifest.xml:24:5-79
MERGED from [com.google.android.gms:play-services-analytics-impl:16.0.8] AndroidManifest.xml:24:5-79
	android:name
		ADDED from src\main\AndroidManifest.xml:5:22-76
uses-permission#android.permission.INTERNET
ADDED from src\main\AndroidManifest.xml:6:5-67
MERGED from [com.google.android.gms:play-services-analytics:16.0.8] AndroidManifest.xml:23:5-67
MERGED from [com.google.android.gms:play-services-analytics:16.0.8] AndroidManifest.xml:23:5-67
MERGED from [com.google.android.gms:play-services-analytics-impl:16.0.8] AndroidManifest.xml:23:5-67
MERGED from [com.google.android.gms:play-services-analytics-impl:16.0.8] AndroidManifest.xml:23:5-67
	android:name
		ADDED from src\main\AndroidManifest.xml:6:22-64
uses-permission#android.permission.CAMERA
ADDED from src\main\AndroidManifest.xml:7:5-65
	android:name
		ADDED from src\main\AndroidManifest.xml:7:22-62
uses-permission#android.permission.WRITE_EXTERNAL_STORAGE
ADDED from src\main\AndroidManifest.xml:8:5-81
	android:name
		ADDED from src\main\AndroidManifest.xml:8:22-78
uses-permission#android.permission.READ_EXTERNAL_STORAGE
ADDED from src\main\AndroidManifest.xml:9:5-80
	android:name
		ADDED from src\main\AndroidManifest.xml:9:22-77
application
ADDED from src\main\AndroidManifest.xml:11:5-128:19
MERGED from [com.stripe:stripe-android:8.1.0] AndroidManifest.xml:11:5-25:19
MERGED from [com.stripe:stripe-android:8.1.0] AndroidManifest.xml:11:5-25:19
MERGED from [com.android.support:design:28.0.0] AndroidManifest.xml:22:5-20
MERGED from [com.android.support:design:28.0.0] AndroidManifest.xml:22:5-20
MERGED from [com.facebook.android:facebook-android-sdk:5.1.0] AndroidManifest.xml:28:5-29:19
MERGED from [com.facebook.android:facebook-android-sdk:5.1.0] AndroidManifest.xml:28:5-29:19
MERGED from [com.facebook.android:facebook-login:5.1.0] AndroidManifest.xml:28:5-29:19
MERGED from [com.facebook.android:facebook-login:5.1.0] AndroidManifest.xml:28:5-29:19
MERGED from [com.facebook.android:facebook-share:5.1.0] AndroidManifest.xml:28:5-29:19
MERGED from [com.facebook.android:facebook-share:5.1.0] AndroidManifest.xml:28:5-29:19
MERGED from [com.facebook.android:facebook-common:5.1.0] AndroidManifest.xml:28:5-35:19
MERGED from [com.facebook.android:facebook-common:5.1.0] AndroidManifest.xml:28:5-35:19
MERGED from [com.android.support.constraint:constraint-layout:1.1.3] AndroidManifest.xml:9:5-20
MERGED from [com.android.support.constraint:constraint-layout:1.1.3] AndroidManifest.xml:9:5-20
MERGED from [com.chauthai.swipereveallayout:swipe-reveal-layout:1.4.1] AndroidManifest.xml:12:5-20
MERGED from [com.chauthai.swipereveallayout:swipe-reveal-layout:1.4.1] AndroidManifest.xml:12:5-20
MERGED from [com.google.android.gms:play-services-identity:16.0.0] AndroidManifest.xml:22:5-20
MERGED from [com.google.android.gms:play-services-identity:16.0.0] AndroidManifest.xml:22:5-20
MERGED from [com.google.android.gms:play-services-analytics:16.0.8] AndroidManifest.xml:29:5-45:19
MERGED from [com.google.android.gms:play-services-analytics:16.0.8] AndroidManifest.xml:29:5-45:19
MERGED from [com.google.android.gms:play-services-plus:16.0.0] AndroidManifest.xml:22:5-20
MERGED from [com.google.android.gms:play-services-plus:16.0.0] AndroidManifest.xml:22:5-20
MERGED from [com.google.android.gms:play-services-auth:16.0.1] AndroidManifest.xml:22:5-37:19
MERGED from [com.google.android.gms:play-services-auth:16.0.1] AndroidManifest.xml:22:5-37:19
MERGED from [com.google.android.gms:play-services-tagmanager-v4-impl:16.0.8] AndroidManifest.xml:22:5-20
MERGED from [com.google.android.gms:play-services-tagmanager-v4-impl:16.0.8] AndroidManifest.xml:22:5-20
MERGED from [com.google.android.gms:play-services-analytics-impl:16.0.8] AndroidManifest.xml:29:5-20
MERGED from [com.google.android.gms:play-services-analytics-impl:16.0.8] AndroidManifest.xml:29:5-20
MERGED from [com.google.android.gms:play-services-audience:16.0.0] AndroidManifest.xml:22:5-20
MERGED from [com.google.android.gms:play-services-audience:16.0.0] AndroidManifest.xml:22:5-20
MERGED from [com.google.android.gms:play-services-base:16.0.1] AndroidManifest.xml:22:5-27:19
MERGED from [com.google.android.gms:play-services-base:16.0.1] AndroidManifest.xml:22:5-27:19
MERGED from [com.google.android.gms:play-services-stats:16.0.1] AndroidManifest.xml:7:5-20
MERGED from [com.google.android.gms:play-services-stats:16.0.1] AndroidManifest.xml:7:5-20
MERGED from [com.google.android.gms:play-services-tasks:16.0.1] AndroidManifest.xml:7:5-20
MERGED from [com.google.android.gms:play-services-tasks:16.0.1] AndroidManifest.xml:7:5-20
MERGED from [com.google.android.gms:play-services-ads-identifier:16.0.0] AndroidManifest.xml:22:5-20
MERGED from [com.google.android.gms:play-services-ads-identifier:16.0.0] AndroidManifest.xml:22:5-20
MERGED from [com.google.android.gms:play-services-basement:16.0.1] AndroidManifest.xml:22:5-26:19
MERGED from [com.google.android.gms:play-services-basement:16.0.1] AndroidManifest.xml:22:5-26:19
MERGED from [de.hdodenhof:circleimageview:2.0.0] AndroidManifest.xml:9:5-20
MERGED from [de.hdodenhof:circleimageview:2.0.0] AndroidManifest.xml:9:5-20
MERGED from [com.github.bumptech.glide:glide:4.8.0] AndroidManifest.xml:10:5-20
MERGED from [com.github.bumptech.glide:glide:4.8.0] AndroidManifest.xml:10:5-20
MERGED from [com.android.volley:volley:1.1.1] AndroidManifest.xml:9:5-20
MERGED from [com.android.volley:volley:1.1.1] AndroidManifest.xml:9:5-20
MERGED from [com.facebook.android:facebook-marketing:4.40.0] AndroidManifest.xml:28:5-33:19
MERGED from [com.facebook.android:facebook-marketing:4.40.0] AndroidManifest.xml:28:5-33:19
MERGED from [com.facebook.android:facebook-places:5.1.0] AndroidManifest.xml:28:5-29:19
MERGED from [com.facebook.android:facebook-places:5.1.0] AndroidManifest.xml:28:5-29:19
MERGED from [com.facebook.android:facebook-applinks:5.1.0] AndroidManifest.xml:28:5-29:19
MERGED from [com.facebook.android:facebook-applinks:5.1.0] AndroidManifest.xml:28:5-29:19
MERGED from [com.facebook.android:facebook-messenger:5.1.0] AndroidManifest.xml:28:5-29:19
MERGED from [com.facebook.android:facebook-messenger:5.1.0] AndroidManifest.xml:28:5-29:19
MERGED from [com.facebook.android:facebook-core:5.1.0] AndroidManifest.xml:28:5-59:19
MERGED from [com.facebook.android:facebook-core:5.1.0] AndroidManifest.xml:28:5-59:19
MERGED from [com.android.support:support-compat:28.0.0] AndroidManifest.xml:22:5-94
MERGED from [com.android.support:support-compat:28.0.0] AndroidManifest.xml:22:5-94
MERGED from [com.android.support:versionedparcelable:28.0.0] AndroidManifest.xml:22:5-23:19
MERGED from [com.android.support:versionedparcelable:28.0.0] AndroidManifest.xml:22:5-23:19
MERGED from [com.github.bumptech.glide:gifdecoder:4.8.0] AndroidManifest.xml:9:5-20
MERGED from [com.github.bumptech.glide:gifdecoder:4.8.0] AndroidManifest.xml:9:5-20
	android:appComponentFactory
		ADDED from [com.android.support:support-compat:28.0.0] AndroidManifest.xml:22:18-91
	android:supportsRtl
		ADDED from src\main\AndroidManifest.xml:18:9-35
	android:label
		ADDED from src\main\AndroidManifest.xml:14:9-41
	android:resizeableActivity
		ADDED from src\main\AndroidManifest.xml:16:9-43
	android:roundIcon
		ADDED from src\main\AndroidManifest.xml:17:9-46
	android:icon
		ADDED from src\main\AndroidManifest.xml:13:9-41
	android:allowBackup
		ADDED from src\main\AndroidManifest.xml:12:9-35
	android:theme
		ADDED from src\main\AndroidManifest.xml:19:9-40
	android:networkSecurityConfig
		ADDED from src\main\AndroidManifest.xml:15:9-69
	android:usesCleartextTraffic
		ADDED from src\main\AndroidManifest.xml:20:9-44
activity#com.thrillingpicks.views.activities.InviteFriendsActivity
ADDED from src\main\AndroidManifest.xml:21:9-23:52
	android:screenOrientation
		ADDED from src\main\AndroidManifest.xml:23:13-49
	android:name
		ADDED from src\main\AndroidManifest.xml:22:13-67
activity#com.thrillingpicks.views.activities.CancelSubscriptionActivity
ADDED from src\main\AndroidManifest.xml:24:9-26:52
	android:screenOrientation
		ADDED from src\main\AndroidManifest.xml:26:13-49
	android:name
		ADDED from src\main\AndroidManifest.xml:25:13-72
activity#com.thrillingpicks.views.activities.ApplyPromoCodeActivity
ADDED from src\main\AndroidManifest.xml:27:9-29:52
	android:screenOrientation
		ADDED from src\main\AndroidManifest.xml:29:13-49
	android:name
		ADDED from src\main\AndroidManifest.xml:28:13-68
activity#com.thrillingpicks.views.activities.PricingActivity
ADDED from src\main\AndroidManifest.xml:30:9-32:52
	android:screenOrientation
		ADDED from src\main\AndroidManifest.xml:32:13-49
	android:name
		ADDED from src\main\AndroidManifest.xml:31:13-61
activity#com.thrillingpicks.views.activities.signUpFlow.LoginTypeActivity
ADDED from src\main\AndroidManifest.xml:33:9-35:52
	android:screenOrientation
		ADDED from src\main\AndroidManifest.xml:35:13-49
	android:name
		ADDED from src\main\AndroidManifest.xml:34:13-74
activity#com.thrillingpicks.views.activities.ChangePaswordActivity
ADDED from src\main\AndroidManifest.xml:36:9-39:70
	android:screenOrientation
		ADDED from src\main\AndroidManifest.xml:38:13-49
	android:windowSoftInputMode
		ADDED from src\main\AndroidManifest.xml:39:13-67
	android:name
		ADDED from src\main\AndroidManifest.xml:37:13-67
activity#com.thrillingpicks.views.activities.AddNewCardActivity
ADDED from src\main\AndroidManifest.xml:40:9-43:58
	android:screenOrientation
		ADDED from src\main\AndroidManifest.xml:42:13-49
	android:windowSoftInputMode
		ADDED from src\main\AndroidManifest.xml:43:13-55
	android:name
		ADDED from src\main\AndroidManifest.xml:41:13-64
activity#com.thrillingpicks.views.activities.AccountActivity
ADDED from src\main\AndroidManifest.xml:44:9-47:70
	android:screenOrientation
		ADDED from src\main\AndroidManifest.xml:46:13-49
	android:windowSoftInputMode
		ADDED from src\main\AndroidManifest.xml:47:13-67
	android:name
		ADDED from src\main\AndroidManifest.xml:45:13-61
activity#com.thrillingpicks.views.activities.CardListActivity
ADDED from src\main\AndroidManifest.xml:48:9-50:52
	android:screenOrientation
		ADDED from src\main\AndroidManifest.xml:50:13-49
	android:name
		ADDED from src\main\AndroidManifest.xml:49:13-62
activity#com.thrillingpicks.views.activities.ChoosePlanActivity
ADDED from src\main\AndroidManifest.xml:51:9-53:52
	android:screenOrientation
		ADDED from src\main\AndroidManifest.xml:53:13-49
	android:name
		ADDED from src\main\AndroidManifest.xml:52:13-64
activity#com.thrillingpicks.views.activities.DetailActivity
ADDED from src\main\AndroidManifest.xml:54:9-56:52
	android:screenOrientation
		ADDED from src\main\AndroidManifest.xml:56:13-49
	android:name
		ADDED from src\main\AndroidManifest.xml:55:13-60
activity#com.thrillingpicks.views.activities.home.HomeNavigationActivity
ADDED from src\main\AndroidManifest.xml:57:9-61:59
	android:screenOrientation
		ADDED from src\main\AndroidManifest.xml:60:13-49
	android:label
		ADDED from src\main\AndroidManifest.xml:59:13-67
	android:theme
		ADDED from src\main\AndroidManifest.xml:61:13-56
	android:name
		ADDED from src\main\AndroidManifest.xml:58:13-73
activity#com.thrillingpicks.views.activities.signUpFlow.ForgotPasswordActivity
ADDED from src\main\AndroidManifest.xml:62:9-65:70
	android:screenOrientation
		ADDED from src\main\AndroidManifest.xml:64:13-49
	android:windowSoftInputMode
		ADDED from src\main\AndroidManifest.xml:65:13-67
	android:name
		ADDED from src\main\AndroidManifest.xml:63:13-79
activity#com.thrillingpicks.views.activities.signUpFlow.SignUpActivity
ADDED from src\main\AndroidManifest.xml:66:9-69:70
	android:screenOrientation
		ADDED from src\main\AndroidManifest.xml:68:13-49
	android:windowSoftInputMode
		ADDED from src\main\AndroidManifest.xml:69:13-67
	android:name
		ADDED from src\main\AndroidManifest.xml:67:13-71
activity#com.thrillingpicks.views.activities.signUpFlow.LoginActivity
ADDED from src\main\AndroidManifest.xml:70:9-73:70
	android:screenOrientation
		ADDED from src\main\AndroidManifest.xml:72:13-49
	android:windowSoftInputMode
		ADDED from src\main\AndroidManifest.xml:73:13-67
	android:name
		ADDED from src\main\AndroidManifest.xml:71:13-70
activity#com.thrillingpicks.views.activities.signUpFlow.SplashActivity
ADDED from src\main\AndroidManifest.xml:74:9-82:20
	android:screenOrientation
		ADDED from src\main\AndroidManifest.xml:76:13-49
	android:name
		ADDED from src\main\AndroidManifest.xml:75:13-71
intent-filter#action:name:android.intent.action.MAIN+category:name:android.intent.category.LAUNCHER
ADDED from src\main\AndroidManifest.xml:77:13-81:29
action#android.intent.action.MAIN
ADDED from src\main\AndroidManifest.xml:78:17-69
	android:name
		ADDED from src\main\AndroidManifest.xml:78:25-66
category#android.intent.category.LAUNCHER
ADDED from src\main\AndroidManifest.xml:80:17-77
	android:name
		ADDED from src\main\AndroidManifest.xml:80:27-74
meta-data#com.facebook.sdk.ApplicationId
ADDED from src\main\AndroidManifest.xml:109:9-110:54
	android:value
		ADDED from src\main\AndroidManifest.xml:110:13-52
	android:name
		ADDED from src\main\AndroidManifest.xml:109:20-65
meta-data#com.facebook.sdk.CodelessDebugLogEnabled
ADDED from src\main\AndroidManifest.xml:111:9-113:36
	android:value
		ADDED from src\main\AndroidManifest.xml:113:13-33
	android:name
		ADDED from src\main\AndroidManifest.xml:112:13-68
activity#com.facebook.FacebookActivity
ADDED from src\main\AndroidManifest.xml:114:9-117:48
MERGED from [com.facebook.android:facebook-common:5.1.0] AndroidManifest.xml:29:9-32:66
MERGED from [com.facebook.android:facebook-common:5.1.0] AndroidManifest.xml:29:9-32:66
	android:label
		ADDED from src\main\AndroidManifest.xml:117:13-45
	android:configChanges
		ADDED from src\main\AndroidManifest.xml:115:13-114
	android:theme
		ADDED from [com.facebook.android:facebook-common:5.1.0] AndroidManifest.xml:32:13-63
	android:name
		ADDED from src\main\AndroidManifest.xml:114:19-63
activity#com.facebook.CustomTabActivity
ADDED from src\main\AndroidManifest.xml:118:9-127:20
MERGED from [com.facebook.android:facebook-common:5.1.0] AndroidManifest.xml:34:9-67
MERGED from [com.facebook.android:facebook-common:5.1.0] AndroidManifest.xml:34:9-67
	android:exported
		ADDED from src\main\AndroidManifest.xml:120:13-36
	android:name
		ADDED from src\main\AndroidManifest.xml:119:13-58
intent-filter#action:name:android.intent.action.VIEW+category:name:android.intent.category.BROWSABLE+category:name:android.intent.category.DEFAULT+data:scheme:@string/fb_login_protocol_scheme
ADDED from src\main\AndroidManifest.xml:121:13-126:29
action#android.intent.action.VIEW
ADDED from src\main\AndroidManifest.xml:122:17-69
	android:name
		ADDED from src\main\AndroidManifest.xml:122:25-66
category#android.intent.category.DEFAULT
ADDED from src\main\AndroidManifest.xml:123:17-76
	android:name
		ADDED from src\main\AndroidManifest.xml:123:27-73
category#android.intent.category.BROWSABLE
ADDED from src\main\AndroidManifest.xml:124:17-78
	android:name
		ADDED from src\main\AndroidManifest.xml:124:27-75
data
ADDED from src\main\AndroidManifest.xml:125:17-75
	android:scheme
		ADDED from src\main\AndroidManifest.xml:125:23-72
uses-sdk
INJECTED from src\main\AndroidManifest.xml reason: use-sdk injection requested
INJECTED from src\main\AndroidManifest.xml
INJECTED from src\main\AndroidManifest.xml
MERGED from [com.stripe:stripe-android:8.1.0] AndroidManifest.xml:7:5-9:41
MERGED from [com.stripe:stripe-android:8.1.0] AndroidManifest.xml:7:5-9:41
MERGED from [com.android.support:design:28.0.0] AndroidManifest.xml:20:5-44
MERGED from [com.android.support:design:28.0.0] AndroidManifest.xml:20:5-44
MERGED from [com.facebook.android:facebook-android-sdk:5.1.0] AndroidManifest.xml:24:5-26:41
MERGED from [com.facebook.android:facebook-android-sdk:5.1.0] AndroidManifest.xml:24:5-26:41
MERGED from [com.facebook.android:facebook-login:5.1.0] AndroidManifest.xml:24:5-26:41
MERGED from [com.facebook.android:facebook-login:5.1.0] AndroidManifest.xml:24:5-26:41
MERGED from [com.facebook.android:facebook-share:5.1.0] AndroidManifest.xml:24:5-26:41
MERGED from [com.facebook.android:facebook-share:5.1.0] AndroidManifest.xml:24:5-26:41
MERGED from [com.facebook.android:facebook-common:5.1.0] AndroidManifest.xml:24:5-26:41
MERGED from [com.facebook.android:facebook-common:5.1.0] AndroidManifest.xml:24:5-26:41
MERGED from [com.android.support:appcompat-v7:28.0.0] AndroidManifest.xml:20:5-44
MERGED from [com.android.support:appcompat-v7:28.0.0] AndroidManifest.xml:20:5-44
MERGED from [com.android.support.constraint:constraint-layout:1.1.3] AndroidManifest.xml:5:5-7:41
MERGED from [com.android.support.constraint:constraint-layout:1.1.3] AndroidManifest.xml:5:5-7:41
MERGED from [com.chauthai.swipereveallayout:swipe-reveal-layout:1.4.1] AndroidManifest.xml:8:5-10:41
MERGED from [com.chauthai.swipereveallayout:swipe-reveal-layout:1.4.1] AndroidManifest.xml:8:5-10:41
MERGED from [com.google.android.gms:play-services-identity:16.0.0] AndroidManifest.xml:20:5-44
MERGED from [com.google.android.gms:play-services-identity:16.0.0] AndroidManifest.xml:20:5-44
MERGED from [com.google.android.gms:play-services-analytics:16.0.8] AndroidManifest.xml:20:5-44
MERGED from [com.google.android.gms:play-services-analytics:16.0.8] AndroidManifest.xml:20:5-44
MERGED from [com.google.android.gms:play-services-plus:16.0.0] AndroidManifest.xml:20:5-44
MERGED from [com.google.android.gms:play-services-plus:16.0.0] AndroidManifest.xml:20:5-44
MERGED from [com.google.android.gms:play-services-auth:16.0.1] AndroidManifest.xml:20:5-44
MERGED from [com.google.android.gms:play-services-auth:16.0.1] AndroidManifest.xml:20:5-44
MERGED from [com.google.android.gms:play-services-tagmanager-v4-impl:16.0.8] AndroidManifest.xml:20:5-44
MERGED from [com.google.android.gms:play-services-tagmanager-v4-impl:16.0.8] AndroidManifest.xml:20:5-44
MERGED from [com.google.android.gms:play-services-analytics-impl:16.0.8] AndroidManifest.xml:20:5-44
MERGED from [com.google.android.gms:play-services-analytics-impl:16.0.8] AndroidManifest.xml:20:5-44
MERGED from [com.google.android.gms:play-services-audience:16.0.0] AndroidManifest.xml:20:5-44
MERGED from [com.google.android.gms:play-services-audience:16.0.0] AndroidManifest.xml:20:5-44
MERGED from [com.google.android.gms:play-services-auth-api-phone:16.0.0] AndroidManifest.xml:5:5-44
MERGED from [com.google.android.gms:play-services-auth-api-phone:16.0.0] AndroidManifest.xml:5:5-44
MERGED from [com.google.android.gms:play-services-auth-base:16.0.0] AndroidManifest.xml:5:5-44
MERGED from [com.google.android.gms:play-services-auth-base:16.0.0] AndroidManifest.xml:5:5-44
MERGED from [com.google.android.gms:play-services-base:16.0.1] AndroidManifest.xml:20:5-44
MERGED from [com.google.android.gms:play-services-base:16.0.1] AndroidManifest.xml:20:5-44
MERGED from [com.google.android.gms:play-services-stats:16.0.1] AndroidManifest.xml:5:5-44
MERGED from [com.google.android.gms:play-services-stats:16.0.1] AndroidManifest.xml:5:5-44
MERGED from [com.google.android.gms:play-services-tasks:16.0.1] AndroidManifest.xml:5:5-44
MERGED from [com.google.android.gms:play-services-tasks:16.0.1] AndroidManifest.xml:5:5-44
MERGED from [com.google.android.gms:play-services-ads-identifier:16.0.0] AndroidManifest.xml:20:5-44
MERGED from [com.google.android.gms:play-services-ads-identifier:16.0.0] AndroidManifest.xml:20:5-44
MERGED from [com.google.android.gms:play-services-basement:16.0.1] AndroidManifest.xml:20:5-44
MERGED from [com.google.android.gms:play-services-basement:16.0.1] AndroidManifest.xml:20:5-44
MERGED from [com.android.support:support-v4:28.0.0] AndroidManifest.xml:20:5-44
MERGED from [com.android.support:support-v4:28.0.0] AndroidManifest.xml:20:5-44
MERGED from [com.android.support:recyclerview-v7:28.0.0] AndroidManifest.xml:20:5-44
MERGED from [com.android.support:recyclerview-v7:28.0.0] AndroidManifest.xml:20:5-44
MERGED from [com.android.support:cardview-v7:28.0.0] AndroidManifest.xml:20:5-44
MERGED from [com.android.support:cardview-v7:28.0.0] AndroidManifest.xml:20:5-44
MERGED from [de.hdodenhof:circleimageview:2.0.0] AndroidManifest.xml:5:5-7:41
MERGED from [de.hdodenhof:circleimageview:2.0.0] AndroidManifest.xml:5:5-7:41
MERGED from [com.wang.avi:library:2.1.3] AndroidManifest.xml:7:5-9:41
MERGED from [com.wang.avi:library:2.1.3] AndroidManifest.xml:7:5-9:41
MERGED from [com.github.bumptech.glide:glide:4.8.0] AndroidManifest.xml:6:5-8:41
MERGED from [com.github.bumptech.glide:glide:4.8.0] AndroidManifest.xml:6:5-8:41
MERGED from [com.android.volley:volley:1.1.1] AndroidManifest.xml:7:5-43
MERGED from [com.android.volley:volley:1.1.1] AndroidManifest.xml:7:5-43
MERGED from [com.facebook.android:facebook-marketing:4.40.0] AndroidManifest.xml:24:5-26:41
MERGED from [com.facebook.android:facebook-marketing:4.40.0] AndroidManifest.xml:24:5-26:41
MERGED from [com.android.support:support-fragment:28.0.0] AndroidManifest.xml:20:5-44
MERGED from [com.android.support:support-fragment:28.0.0] AndroidManifest.xml:20:5-44
MERGED from [com.android.support:animated-vector-drawable:28.0.0] AndroidManifest.xml:20:5-44
MERGED from [com.android.support:animated-vector-drawable:28.0.0] AndroidManifest.xml:20:5-44
MERGED from [com.android.support:support-core-ui:28.0.0] AndroidManifest.xml:20:5-44
MERGED from [com.android.support:support-core-ui:28.0.0] AndroidManifest.xml:20:5-44
MERGED from [com.facebook.android:facebook-places:5.1.0] AndroidManifest.xml:24:5-26:41
MERGED from [com.facebook.android:facebook-places:5.1.0] AndroidManifest.xml:24:5-26:41
MERGED from [com.facebook.android:facebook-applinks:5.1.0] AndroidManifest.xml:24:5-26:41
MERGED from [com.facebook.android:facebook-applinks:5.1.0] AndroidManifest.xml:24:5-26:41
MERGED from [com.facebook.android:facebook-messenger:5.1.0] AndroidManifest.xml:24:5-26:41
MERGED from [com.facebook.android:facebook-messenger:5.1.0] AndroidManifest.xml:24:5-26:41
MERGED from [com.facebook.android:facebook-core:5.1.0] AndroidManifest.xml:24:5-26:41
MERGED from [com.facebook.android:facebook-core:5.1.0] AndroidManifest.xml:24:5-26:41
MERGED from [com.android.support:support-core-utils:28.0.0] AndroidManifest.xml:20:5-44
MERGED from [com.android.support:support-core-utils:28.0.0] AndroidManifest.xml:20:5-44
MERGED from [com.android.support:support-vector-drawable:28.0.0] AndroidManifest.xml:20:5-44
MERGED from [com.android.support:support-vector-drawable:28.0.0] AndroidManifest.xml:20:5-44
MERGED from [com.android.support:support-media-compat:28.0.0] AndroidManifest.xml:20:5-44
MERGED from [com.android.support:support-media-compat:28.0.0] AndroidManifest.xml:20:5-44
MERGED from [com.android.support:transition:28.0.0] AndroidManifest.xml:20:5-44
MERGED from [com.android.support:transition:28.0.0] AndroidManifest.xml:20:5-44
MERGED from [com.android.support:loader:28.0.0] AndroidManifest.xml:20:5-44